# JRE version: Java(TM) SE Runtime Environment (8.0_151-b12) (build 1.8.0_151-b12)
# Java VM: Java HotSpot(TM) 64-Bit Server VM (25.151-b12 mixed mode windows-amd64 compressed oops)
Heap:
 PSYoungGen      total 519680K, used 52162K [0x00000000d5f00000, 0x0000000100000000, 0x0000000100000000)
  eden space 501248K, 7% used [0x00000000d5f00000,0x00000000d8149ed8,0x00000000f4880000)
  from space 18432K, 92% used [0x00000000f4880000,0x00000000f5926a68,0x00000000f5a80000)
  to   space 20480K, 0% used [0x00000000fec00000,0x00000000fec00000,0x0000000100000000)
 ParOldGen       total 76800K, used 34692K [0x0000000081c00000, 0x0000000086700000, 0x00000000d5f00000)
  object space 76800K, 45% used [0x0000000081c00000,0x0000000083de1120,0x0000000086700000)
 Metaspace       used 50570K, capacity 51186K, committed 51792K, reserved 1095680K
  class space    used 6198K, capacity 6393K, committed 6480K, reserved 1048576K
GC Heap History (10 events):
Event: 8.926 GC heap before
{Heap before GC invocations=11 (full 1):
 PSYoungGen      total 271872K, used 271869K [0x00000000d5f00000, 0x00000000eca00000, 0x0000000100000000)
  eden space 262144K, 100% used [0x00000000d5f00000,0x00000000e5f00000,0x00000000e5f00000)
  from space 9728K, 99% used [0x00000000e5f00000,0x00000000e687f500,0x00000000e6880000)
  to   space 11264K, 0% used [0x00000000ebf00000,0x00000000ebf00000,0x00000000eca00000)
 ParOldGen       total 49664K, used 7257K [0x0000000081c00000, 0x0000000084c80000, 0x00000000d5f00000)
  object space 49664K, 14% used [0x0000000081c00000,0x0000000082316488,0x0000000084c80000)
 Metaspace       used 33778K, capacity 34184K, committed 34556K, reserved 1079296K
  class space    used 4189K, capacity 4342K, committed 4348K, reserved 1048576K
Event: 8.941 GC heap after
Heap after GC invocations=11 (full 1):
 PSYoungGen      total 357376K, used 11251K [0x00000000d5f00000, 0x00000000ee980000, 0x0000000100000000)
  eden space 346112K, 0% used [0x00000000d5f00000,0x00000000d5f00000,0x00000000eb100000)
  from space 11264K, 99% used [0x00000000ebf00000,0x00000000ec9fcd38,0x00000000eca00000)
  to   space 14336K, 0% used [0x00000000eb100000,0x00000000eb100000,0x00000000ebf00000)
 ParOldGen       total 49664K, used 11915K [0x0000000081c00000, 0x0000000084c80000, 0x00000000d5f00000)
  object space 49664K, 23% used [0x0000000081c00000,0x00000000827a2cb8,0x0000000084c80000)
 Metaspace       used 33778K, capacity 34184K, committed 34556K, reserved 1079296K
  class space    used 4189K, capacity 4342K, committed 4348K, reserved 1048576K
}
Event: 9.255 GC heap before
{Heap before GC invocations=12 (full 1):
 PSYoungGen      total 357376K, used 51691K [0x00000000d5f00000, 0x00000000ee980000, 0x0000000100000000)
  eden space 346112K, 11% used [0x00000000d5f00000,0x00000000d867e250,0x00000000eb100000)
  from space 11264K, 99% used [0x00000000ebf00000,0x00000000ec9fcd38,0x00000000eca00000)
  to   space 14336K, 0% used [0x00000000eb100000,0x00000000eb100000,0x00000000ebf00000)
 ParOldGen       total 49664K, used 11915K [0x0000000081c00000, 0x0000000084c80000, 0x00000000d5f00000)
  object space 49664K, 23% used [0x0000000081c00000,0x00000000827a2cb8,0x0000000084c80000)
 Metaspace       used 35290K, capacity 35712K, committed 36048K, reserved 1081344K
  class space    used 4359K, capacity 4506K, committed 4560K, reserved 1048576K
Event: 9.277 GC heap after
Heap after GC invocations=12 (full 1):
 PSYoungGen      total 360448K, used 2010K [0x00000000d5f00000, 0x00000000f6c80000, 0x0000000100000000)
  eden space 346112K, 0% used [0x00000000d5f00000,0x00000000d5f00000,0x00000000eb100000)
  from space 14336K, 14% used [0x00000000eb100000,0x00000000eb2f6a10,0x00000000ebf00000)
  to   space 14336K, 0% used [0x00000000f5e80000,0x00000000f5e80000,0x00000000f6c80000)
 ParOldGen       total 49664K, used 20821K [0x0000000081c00000, 0x0000000084c80000, 0x00000000d5f00000)
  object space 49664K, 41% used [0x0000000081c00000,0x0000000083055518,0x0000000084c80000)
 Metaspace       used 35290K, capacity 35712K, committed 36048K, reserved 1081344K
  class space    used 4359K, capacity 4506K, committed 4560K, reserved 1048576K
}
Event: 9.277 GC heap before
{Heap before GC invocations=13 (full 2):
 PSYoungGen      total 360448K, used 2010K [0x00000000d5f00000, 0x00000000f6c80000, 0x0000000100000000)
  eden space 346112K, 0% used [0x00000000d5f00000,0x00000000d5f00000,0x00000000eb100000)
  from space 14336K, 14% used [0x00000000eb100000,0x00000000eb2f6a10,0x00000000ebf00000)
  to   space 14336K, 0% used [0x00000000f5e80000,0x00000000f5e80000,0x00000000f6c80000)
 ParOldGen       total 49664K, used 20821K [0x0000000081c00000, 0x0000000084c80000, 0x00000000d5f00000)
  object space 49664K, 41% used [0x0000000081c00000,0x0000000083055518,0x0000000084c80000)
 Metaspace       used 35290K, capacity 35712K, committed 36048K, reserved 1081344K
  class space    used 4359K, capacity 4506K, committed 4560K, reserved 1048576K
Event: 9.382 GC heap after
Heap after GC invocations=13 (full 2):
 PSYoungGen      total 360448K, used 0K [0x00000000d5f00000, 0x00000000f6c80000, 0x0000000100000000)
  eden space 346112K, 0% used [0x00000000d5f00000,0x00000000d5f00000,0x00000000eb100000)
  from space 14336K, 0% used [0x00000000eb100000,0x00000000eb100000,0x00000000ebf00000)
  to   space 14336K, 0% used [0x00000000f5e80000,0x00000000f5e80000,0x00000000f6c80000)
 ParOldGen       total 76800K, used 18679K [0x0000000081c00000, 0x0000000086700000, 0x00000000d5f00000)
  object space 76800K, 24% used [0x0000000081c00000,0x0000000082e3dd88,0x0000000086700000)
 Metaspace       used 35290K, capacity 35712K, committed 36048K, reserved 1081344K
  class space    used 4359K, capacity 4506K, committed 4560K, reserved 1048576K
}
Event: 15.281 GC heap before
{Heap before GC invocations=14 (full 2):
 PSYoungGen      total 360448K, used 346112K [0x00000000d5f00000, 0x00000000f6c80000, 0x0000000100000000)
  eden space 346112K, 100% used [0x00000000d5f00000,0x00000000eb100000,0x00000000eb100000)
  from space 14336K, 0% used [0x00000000eb100000,0x00000000eb100000,0x00000000ebf00000)
  to   space 14336K, 0% used [0x00000000f5e80000,0x00000000f5e80000,0x00000000f6c80000)
 ParOldGen       total 76800K, used 18679K [0x0000000081c00000, 0x0000000086700000, 0x00000000d5f00000)
  object space 76800K, 24% used [0x0000000081c00000,0x0000000082e3dd88,0x0000000086700000)
 Metaspace       used 43236K, capacity 43724K, committed 44240K, reserved 1087488K
  class space    used 5292K, capacity 5460K, committed 5584K, reserved 1048576K
Event: 15.313 GC heap after
Heap after GC invocations=14 (full 2):
 PSYoungGen      total 496640K, used 14327K [0x00000000d5f00000, 0x00000000f6c80000, 0x0000000100000000)
  eden space 482304K, 0% used [0x00000000d5f00000,0x00000000d5f00000,0x00000000f3600000)
  from space 14336K, 99% used [0x00000000f5e80000,0x00000000f6c7de28,0x00000000f6c80000)
  to   space 18432K, 0% used [0x00000000f4880000,0x00000000f4880000,0x00000000f5a80000)
 ParOldGen       total 76800K, used 23370K [0x0000000081c00000, 0x0000000086700000, 0x00000000d5f00000)
  object space 76800K, 30% used [0x0000000081c00000,0x00000000832d29c0,0x0000000086700000)
 Metaspace       used 43236K, capacity 43724K, committed 44240K, reserved 1087488K
  class space    used 5292K, capacity 5460K, committed 5584K, reserved 1048576K
}
Event: 21.579 GC heap before
{Heap before GC invocations=15 (full 2):
 PSYoungGen      total 496640K, used 496631K [0x00000000d5f00000, 0x00000000f6c80000, 0x0000000100000000)
  eden space 482304K, 100% used [0x00000000d5f00000,0x00000000f3600000,0x00000000f3600000)
  from space 14336K, 99% used [0x00000000f5e80000,0x00000000f6c7de28,0x00000000f6c80000)
  to   space 18432K, 0% used [0x00000000f4880000,0x00000000f4880000,0x00000000f5a80000)
 ParOldGen       total 76800K, used 23370K [0x0000000081c00000, 0x0000000086700000, 0x00000000d5f00000)
  object space 76800K, 30% used [0x0000000081c00000,0x00000000832d29c0,0x0000000086700000)
 Metaspace       used 49959K, capacity 50508K, committed 50896K, reserved 1093632K
  class space    used 6112K, capacity 6296K, committed 6352K, reserved 1048576K
Event: 21.736 GC heap after
Heap after GC invocations=15 (full 2):
 PSYoungGen      total 519680K, used 17050K [0x00000000d5f00000, 0x0000000100000000, 0x0000000100000000)
  eden space 501248K, 0% used [0x00000000d5f00000,0x00000000d5f00000,0x00000000f4880000)
  from space 18432K, 92% used [0x00000000f4880000,0x00000000f5926a68,0x00000000f5a80000)
  to   space 20480K, 0% used [0x00000000fec00000,0x00000000fec00000,0x0000000100000000)
 ParOldGen       total 76800K, used 34692K [0x0000000081c00000, 0x0000000086700000, 0x00000000d5f00000)
  object space 76800K, 45% used [0x0000000081c00000,0x0000000083de1120,0x0000000086700000)
 Metaspace       used 49959K, capacity 50508K, committed 50896K, reserved 1093632K
  class space    used 6112K, capacity 6296K, committed 6352K, reserved 1048576K
}

